<?xml version="1.0" encoding="UTF-8"?>
<!-- Generated by org.testng.reporters.JUnitXMLReporter -->
<testsuite ignored="0" hostname="Asis-Air.lan" failures="0" tests="3" name="Default test" time="13.554" errors="0" timestamp="2024-01-30T16:57:10 IST">
  <testcase classname="Tests.TestFooterSocialMedia" name="tc_01_linkedin" time="2.403"/>
  <testcase classname="Tests.TestFooterSocialMedia" name="tc_02_facebook" time="2.144"/>
  <testcase classname="Tests.TestFooterSocialMedia" name="tc_03_twitter" time="5.415"/>
</testsuite> <!-- Default test -->
