<?xml version="1.0" encoding="UTF-8"?>
<!-- Generated by org.testng.reporters.JUnitXMLReporter -->
<testsuite ignored="0" hostname="Asis-Air.lan" failures="0" tests="39" name="Test" time="26.791" errors="0" timestamp="2024-01-30T16:57:43 IST">
  <testcase classname="Tests.TestLogin" name="tc_01_blankUserNameField" time="2.467"/>
  <testcase classname="Tests.TestCartPage" name="tc_01_checkOutEmptyCart" time="2.983"/>
  <testcase classname="Tests.TestProductPage" name="tc_01_backToProductsPage" time="3.35"/>
  <testcase classname="Tests.TestCartPage" name="tc_02_continueShopping" time="0.677"/>
  <testcase classname="Tests.TestLogin" name="tc_02_blankPasswordField" time="1.205"/>
  <testcase classname="Tests.TestProductsPage" name="tc_01_addToCart" time="3.657"/>
  <testcase classname="Tests.TestProductPage" name="tc_02_addToCart" time="1.108"/>
  <testcase classname="Tests.TestCartPage" name="tc_03_removeProduct" time="1.194"/>
  <testcase classname="Tests.TestProductPage" name="tc_03_removeFromCart" time="0.471"/>
  <testcase classname="Tests.TestProductsPage" name="tc_02_removeFromCart" time="0.792"/>
  <testcase classname="Tests.TestProductPage" name="tc_04_enterCartPage" time="0.263"/>
  <testcase classname="Tests.TestLogin" name="tc_03_wrongPassLogin" time="1.069"/>
  <testcase classname="Tests.TestCartPage" name="tc_04_enterProductPage" time="0.785"/>
  <testcase classname="Tests.TestProductsPage" name="tc_03_productPage" time="0.505"/>
  <testcase classname="Tests.TestLogin" name="tc_04_wrongUserNameLogin" time="0.652"/>
  <testcase classname="Tests.TestCheckOutPage" name="tc_01_validInfo" time="5.158"/>
  <testcase classname="Tests.TestOverViewPage" name="clickCancel" time="5.295"/>
  <testcase classname="Tests.TestProductsPage" name="tc_04_sortAtoZ" time="0.734"/>
  <testcase classname="Tests.TestThankYouPage" name="backHome" time="5.443"/>
  <testcase classname="Tests.TestLogin" name="tc_05_wrongPassAndUserName" time="0.694"/>
  <testcase classname="Tests.TestProductsPage" name="tc_05_sortZtoA" time="0.815"/>
  <testcase classname="Tests.TestCheckOutPage" name="tc_02_blankFirstName" time="1.214"/>
  <testcase classname="Tests.TestLogin" name="tc_06_capitalLettersLogin" time="0.743"/>
  <testcase classname="Tests.TestFooterSocialMedia" name="tc_01_linkedin" time="6.893"/>
  <testcase classname="Tests.TestOverViewPage" name="clickFinish" time="1.681"/>
  <testcase classname="Tests.TestProductsPage" name="tc_06_sortLowtoHigh" time="0.687"/>
  <testcase classname="Tests.TestLogin" name="tc_07_validLogin" time="1.069"/>
  <testcase classname="Tests.TestProductsPage" name="tc_07_sortHightoLow" time="0.712"/>
  <testcase classname="Tests.TestCheckOutPage" name="tc_03_blankLastName" time="1.395"/>
  <testcase classname="Tests.TestCheckOutPage" name="tc_04_blankPostalCode" time="0.976"/>
  <testcase classname="Tests.TestOverViewPage" name="clickOnProduct" time="2.192"/>
  <testcase classname="Tests.TestFooterSocialMedia" name="tc_02_facebook" time="2.944"/>
  <testcase classname="Tests.TestMenu" name="tc_01_enterAboutPage" time="12.852"/>
  <testcase classname="Tests.TestMenu" name="tc_02_backToAllItems" time="0.967"/>
  <testcase classname="Tests.TestMenu" name="tc_03_enterToCartPage" time="0.048"/>
  <testcase classname="Tests.TestMenu" name="tc_04_logOut" time="0.59"/>
  <testcase classname="Tests.TestFooterSocialMedia" name="tc_03_twitter" time="7.321"/>
  <testcase classname="Tests.TestAboutPage" name="tc_01_tryItFree" time="18.902"/>
  <testcase classname="Tests.TestAboutPage" name="tc_02_requestAdemo" time="1.431"/>
</testsuite> <!-- Test -->
